        -:    0:Source:/home/sedano/CLionProjects/Dama/main.cpp
        -:    0:Graph:/home/sedano/CLionProjects/Dama/cmake-build-debug-coverage/CMakeFiles/MakeDamaGreatAgain.dir/main.cpp.gcno
        -:    0:Data:/home/sedano/CLionProjects/Dama/cmake-build-debug-coverage/CMakeFiles/MakeDamaGreatAgain.dir/main.cpp.gcda
        -:    0:Runs:1
        -:    1:#include "render/render.h"
        -:    2:#include "ui/ui.h"
        -:    3:
        1:    4:int main() {
        2:    5:    BoardTokens board(NORMAL);
        2:    6:    SetPieces pieces(NORMAL);
        1:    7:    BoardCoords coords(NORMAL);
        3:    8:    GameEngine engine(STANDARD, board, pieces, coords);
        -:    9:
        1:   10:    engine.board.standard_game_initialization();
        1:   11:    engine.board.edit(Coords(B, 4), DAMA_N);
        -:   12:
        2:   13:    std::string input = "A3xB4xC5";
        -:   14:
        1:   15:    engine.render.render_board(BIANCO, engine.board);
        -:   16:
        2:   17:    Move move(BIANCO);
        1:   18:    UI::get_move(move, engine);
        -:   19:
        1:   20:    MoveReturn returnValue = engine.check_eat(move);
        -:   21:
        1:   22:    std::cout << "hallo" << std::endl;
        1:   23:}
