        -:    0:Source:/home/sedano/CLionProjects/Dama/move/move.cpp
        -:    0:Graph:/home/sedano/CLionProjects/Dama/cmake-build-debug-coverage/CMakeFiles/MakeDamaGreatAgain.dir/move/move.cpp.gcno
        -:    0:Data:/home/sedano/CLionProjects/Dama/cmake-build-debug-coverage/CMakeFiles/MakeDamaGreatAgain.dir/move/move.cpp.gcda
        -:    0:Runs:1
        -:    1:#include "move.h"
        -:    2:
        1:    3:Move::Move(PlayerColor _color, MoveType _moveType) {
        1:    4:    color = _color;
        1:    5:    type = _moveType;
        1:    6:}
        -:    7:
    #####:    8:Move::Move(Coords _startingCoords, Coords _endingCoords, PlayerColor _color, MoveType _type) {
    #####:    9:    this->add_coords(_startingCoords);
    #####:   10:    this->add_coords(_endingCoords);
    #####:   11:    color = _color;
    #####:   12:    type = _type;
    #####:   13:}
        -:   14:
    #####:   15:void Move::add_coords(const Coords &_coords) {
    #####:   16:    coords.push_back(_coords);
    #####:   17:}
