        -:    0:Source:/home/sedano/CLionProjects/Dama/coords/coords.h
        -:    0:Graph:/home/sedano/CLionProjects/Dama/cmake-build-debug-coverage/CMakeFiles/MakeDamaGreatAgain.dir/render/render.cpp.gcno
        -:    0:Data:/home/sedano/CLionProjects/Dama/cmake-build-debug-coverage/CMakeFiles/MakeDamaGreatAgain.dir/render/render.cpp.gcda
        -:    0:Runs:1
        -:    1:#pragma once
        -:    2:
        -:    3:#include "../enums/ColumnNotatiton.h"
        -:    4:#include "../enums/Piece.h"
        -:    5:
        -:    6:// Chess notation
        -:    7:class Coords {
        -:    8:public:
        -:    9:    ColumnNotation column;
        -:   10:    int row;
        -:   11:
        -:   12:    Coords &operator=(const Coords &rhs);
        -:   13:
    #####:   14:    Coords(ColumnNotation _column = Z, int _row = 9): column(_column), row(_row) {}
        -:   15:};
