        -:    0:Source:/home/sedano/CLionProjects/Dama/square/square.cpp
        -:    0:Graph:/home/sedano/CLionProjects/Dama/cmake-build-debug-coverage/CMakeFiles/MakeDamaGreatAgain.dir/square/square.cpp.gcno
        -:    0:Data:/home/sedano/CLionProjects/Dama/cmake-build-debug-coverage/CMakeFiles/MakeDamaGreatAgain.dir/square/square.cpp.gcda
        -:    0:Runs:1
        -:    1:#include "square.h"
        -:    2:
       48:    3:void Square::set_piece(Piece _piece) {
       48:    4:    piece = _piece;
       48:    5:}
        -:    6:
        3:    7:Square &Square::operator=(const Square &rhs)  {
        3:    8:    coords = rhs.coords;
        3:    9:    color = rhs.color;
        3:   10:    piece = rhs.piece;
        3:   11:    return *this;
        -:   12:}
